2015-01-28/16:20:09.117  INFO: controller.MainController - Launching ...
2015-01-28/16:20:09.118  INFO: controller.MainController - Not sufficient arguments 

2015-01-28/16:20:09.118  INFO: controller.MainController - Usage - jarfile <fromDate in dd-mm-yyyy> <todate in dd-mm-yyyy> <tag eg: hadoop> <output file full path with filename eg: /user/123/myStackQA.pdf>
2015-01-29/07:46:49.769  INFO: controller.MainController - Launching ...
2015-01-29/07:46:49.792  INFO: factory.PdfGenerator - From date - Tue Feb 25 00:00:00 IST 2014To date -Tue Mar 25 00:00:00 IST 2014
2015-01-29/07:46:53.865  INFO: controller.DataPopulator - Question_id = 22431984*** Accepted_answer_id = 22437829
2015-01-29/07:46:53.865  INFO: controller.DataPopulator - Question_id = 22141631*** Accepted_answer_id = 22169760
2015-01-29/07:46:53.866  INFO: controller.DataPopulator - Question_id = 22061210*** Accepted_answer_id = 22069337
2015-01-29/07:46:53.866  INFO: controller.DataPopulator - Question_id = 22316187*** Accepted_answer_id = 25738434
2015-01-29/07:46:53.866  INFO: controller.DataPopulator - Question_id = 22224077*** Accepted_answer_id = 26867341
2015-01-29/07:46:53.866  INFO: controller.DataPopulator - Question_id = 22419958*** Accepted_answer_id = 22421731
2015-01-29/07:46:53.866  INFO: controller.DataPopulator - Question_id = 22533814*** Accepted_answer_id = 24272281
2015-01-29/07:46:53.867  INFO: controller.DataPopulator - Question_id = 22516565*** Accepted_answer_id = 22528979
2015-01-29/07:46:53.867  INFO: controller.DataPopulator - Question_id = 22140797*** Accepted_answer_id = 22146003
2015-01-29/07:46:53.867  INFO: controller.DataPopulator - Question_id = 22534954*** Accepted_answer_id = 22537946
2015-01-29/07:46:53.867  INFO: controller.DataPopulator - Question_id = 22615485*** Accepted_answer_id = 22624444
2015-01-29/07:46:53.867  INFO: controller.DataPopulator - Question_id = 22337291*** Accepted_answer_id = 22347994
2015-01-29/07:46:53.867  INFO: controller.DataPopulator - Question_id = 22416961*** Accepted_answer_id = 26433935
2015-01-29/07:46:53.868  INFO: controller.DataPopulator - Question_id = 22254756*** Accepted_answer_id = 22285122
2015-01-29/07:46:53.868  INFO: controller.DataPopulator - Question_id = 22324106*** Accepted_answer_id = 22826917
2015-01-29/07:46:53.868  INFO: controller.DataPopulator - Question_id = 22591305*** Accepted_answer_id = 25947617
2015-01-29/07:46:53.868  INFO: controller.DataPopulator - Question_id = 22404641*** Accepted_answer_id = 22407835
2015-01-29/07:46:53.868  INFO: controller.DataPopulator - Question_id = 22218435*** Accepted_answer_id = 25712981
2015-01-29/07:46:53.869  INFO: controller.DataPopulator - Question_id = 22176855*** Accepted_answer_id = 22205636
2015-01-29/07:46:53.869  INFO: controller.DataPopulator - Question_id = 22220837*** Accepted_answer_id = 22240671
2015-01-29/07:46:53.869  INFO: controller.DataPopulator - Question_id = 22105978*** Accepted_answer_id = 25145076
2015-01-29/07:46:53.869  INFO: controller.DataPopulator - Question_id = 22152665*** Accepted_answer_id = 22165728
2015-01-29/07:46:53.869  INFO: controller.DataPopulator - Question_id = 22096702*** Accepted_answer_id = 22096960
2015-01-29/07:46:53.870  INFO: controller.DataPopulator - Question_id = 22563204*** Accepted_answer_id = 22563397
2015-01-29/07:46:53.870  INFO: controller.DataPopulator - Question_id = 22057818*** Accepted_answer_id = 22058083
2015-01-29/07:46:53.870  INFO: controller.DataPopulator - Question_id = 22041316*** Accepted_answer_id = 22041647
2015-01-29/07:46:53.870  INFO: controller.DataPopulator - Question_id = 22085147*** Accepted_answer_id = 22085187
2015-01-29/07:46:53.870  INFO: controller.DataPopulator - Question_id = 22044721*** Accepted_answer_id = 22067066
2015-01-29/07:46:53.870  INFO: controller.DataPopulator - Question_id = 22171714*** Accepted_answer_id = 23905194
2015-01-29/07:46:53.871  INFO: controller.DataPopulator - Question_id = 22005736*** Accepted_answer_id = 22019739
2015-01-29/07:46:53.872  INFO: controller.DataPopulator - Question_id = 22068153*** Accepted_answer_id = 22068440
2015-01-29/07:46:53.872  INFO: controller.DataPopulator - Question_id = 22488609*** Accepted_answer_id = 23394937
2015-01-29/07:46:53.872  INFO: controller.DataPopulator - Question_id = 22069904*** Accepted_answer_id = 22070788
2015-01-29/07:46:53.872  INFO: controller.DataPopulator - Question_id = 22171514*** Accepted_answer_id = 23298414
2015-01-29/07:46:53.872  INFO: controller.DataPopulator - Question_id = 22415022*** Accepted_answer_id = 23026052
2015-01-29/07:46:53.873  INFO: controller.DataPopulator - Question_id = 22498590*** Accepted_answer_id = 22499374
2015-01-29/07:46:53.873  INFO: controller.DataPopulator - Question_id = 22322906*** Accepted_answer_id = 22788412
2015-01-29/07:46:53.873  INFO: controller.DataPopulator - Question_id = 22521632*** Accepted_answer_id = 22550896
2015-01-29/07:46:53.873  INFO: controller.DataPopulator - Question_id = 22591342*** Accepted_answer_id = 22715258
2015-01-29/07:46:53.873  INFO: controller.DataPopulator - Question_id = 22609150*** Accepted_answer_id = 22615993
2015-01-29/07:46:53.874  INFO: controller.DataPopulator - Question_id = 22608562*** Accepted_answer_id = 22705161
2015-01-29/07:46:53.874  INFO: controller.DataPopulator - Question_id = 22501103*** Accepted_answer_id = 22504938
2015-01-29/07:46:53.874  INFO: controller.DataPopulator - Question_id = 22600343*** Accepted_answer_id = 22676903
2015-01-29/07:46:53.874  INFO: controller.DataPopulator - Question_id = 22614794*** Accepted_answer_id = 22653387
2015-01-29/07:46:53.875  INFO: controller.DataPopulator - Question_id = 22612706*** Accepted_answer_id = 22637666
2015-01-29/07:46:53.875  INFO: controller.DataPopulator - Question_id = 22347470*** Accepted_answer_id = 22354959
2015-01-29/07:46:53.875  INFO: controller.DataPopulator - Question_id = 22608897*** Accepted_answer_id = 22615682
2015-01-29/07:46:53.875  INFO: controller.DataPopulator - Question_id = 22596126*** Accepted_answer_id = 22624712
2015-01-29/07:46:53.875  INFO: controller.DataPopulator - Question_id = 22595566*** Accepted_answer_id = 22595834
2015-01-29/07:46:53.876  INFO: controller.DataPopulator - Question_id = 22610865*** Accepted_answer_id = 22611282
2015-01-29/07:46:53.876  INFO: controller.DataPopulator - Question_id = 22603076*** Accepted_answer_id = 22603764
2015-01-29/07:46:53.876  INFO: controller.DataPopulator - Question_id = 22581932*** Accepted_answer_id = 22583271
2015-01-29/07:46:53.876  INFO: controller.DataPopulator - Question_id = 22550044*** Accepted_answer_id = 22550603
2015-01-29/07:46:53.876  INFO: controller.DataPopulator - Question_id = 22565200*** Accepted_answer_id = 22566878
2015-01-29/07:46:53.877  INFO: controller.DataPopulator - Question_id = 22560542*** Accepted_answer_id = 22563548
2015-01-29/07:46:53.877  INFO: controller.DataPopulator - Question_id = 22553803*** Accepted_answer_id = 22562576
2015-01-29/07:46:53.877  INFO: controller.DataPopulator - Question_id = 22554100*** Accepted_answer_id = 22556597
2015-01-29/07:46:53.877  INFO: controller.DataPopulator - Question_id = 22550211*** Accepted_answer_id = 22551007
2015-01-29/07:46:53.877  INFO: controller.DataPopulator - Question_id = 22539838*** Accepted_answer_id = 22550834
2015-01-29/07:46:53.878  INFO: controller.DataPopulator - Question_id = 22547970*** Accepted_answer_id = 22550546
2015-01-29/07:46:53.878  INFO: controller.DataPopulator - Question_id = 22462665*** Accepted_answer_id = 22547592
2015-01-29/07:46:53.878  INFO: controller.DataPopulator - Question_id = 22534340*** Accepted_answer_id = 22535279
2015-01-29/07:46:53.878  INFO: controller.DataPopulator - Question_id = 22531323*** Accepted_answer_id = 22543342
2015-01-29/07:46:53.878  INFO: controller.DataPopulator - Question_id = 22077120*** Accepted_answer_id = 22098848
2015-01-29/07:46:53.878  INFO: controller.DataPopulator - Question_id = 22528068*** Accepted_answer_id = 22533270
2015-01-29/07:46:53.879  INFO: controller.DataPopulator - Question_id = 22018657*** Accepted_answer_id = 22532499
2015-01-29/07:46:53.879  INFO: controller.DataPopulator - Question_id = 22525293*** Accepted_answer_id = 22527141
2015-01-29/07:46:53.879  INFO: controller.DataPopulator - Question_id = 22399519*** Accepted_answer_id = 22524535
2015-01-29/07:46:53.879  INFO: controller.DataPopulator - Question_id = 22512753*** Accepted_answer_id = 22514060
2015-01-29/07:46:53.879  INFO: controller.DataPopulator - Question_id = 22507517*** Accepted_answer_id = 22516520
2015-01-29/07:46:53.879  INFO: controller.DataPopulator - Question_id = 22474061*** Accepted_answer_id = 22515219
2015-01-29/07:46:53.880  INFO: controller.DataPopulator - Question_id = 22511299*** Accepted_answer_id = 22513956
2015-01-29/07:46:53.880  INFO: controller.DataPopulator - Question_id = 22502958*** Accepted_answer_id = 22504096
2015-01-29/07:46:53.880  INFO: controller.DataPopulator - Question_id = 22500131*** Accepted_answer_id = 22504129
2015-01-29/07:46:53.880  INFO: controller.DataPopulator - Question_id = 22498259*** Accepted_answer_id = 22503278
2015-01-29/07:46:53.880  INFO: controller.DataPopulator - Question_id = 22476852*** Accepted_answer_id = 22500217
2015-01-29/07:46:53.880  INFO: controller.DataPopulator - Question_id = 22490397*** Accepted_answer_id = 22493457
2015-01-29/07:46:53.881  INFO: controller.DataPopulator - Question_id = 22081155*** Accepted_answer_id = 22271725
2015-01-29/07:46:53.881  INFO: controller.DataPopulator - Question_id = 22467704*** Accepted_answer_id = 22484419
2015-01-29/07:46:53.881  INFO: controller.DataPopulator - Question_id = 22478018*** Accepted_answer_id = 22480692
2015-01-29/07:46:53.881  INFO: controller.DataPopulator - Question_id = 22400860*** Accepted_answer_id = 22480625
2015-01-29/07:46:53.881  INFO: controller.DataPopulator - Question_id = 22463559*** Accepted_answer_id = 22463624
2015-01-29/07:46:53.881  INFO: controller.DataPopulator - Question_id = 22384689*** Accepted_answer_id = 22459976
2015-01-29/07:46:53.881  INFO: controller.DataPopulator - Question_id = 22451438*** Accepted_answer_id = 22452130
2015-01-29/07:46:53.882  INFO: controller.DataPopulator - Question_id = 22450153*** Accepted_answer_id = 22452064
2015-01-29/07:46:53.882  INFO: controller.DataPopulator - Question_id = 22450457*** Accepted_answer_id = 22450837
2015-01-29/07:46:53.882  INFO: controller.DataPopulator - Question_id = 22434300*** Accepted_answer_id = 22439569
2015-01-29/07:46:53.882  INFO: controller.DataPopulator - Question_id = 22443531*** Accepted_answer_id = 22445277
2015-01-29/07:46:53.882  INFO: controller.DataPopulator - Question_id = 22434072*** Accepted_answer_id = 22439466
2015-01-29/07:46:53.882  INFO: controller.DataPopulator - Question_id = 22434686*** Accepted_answer_id = 22436760
2015-01-29/07:46:53.882  INFO: controller.DataPopulator - Question_id = 22108146*** Accepted_answer_id = 22120392
2015-01-29/07:46:53.883  INFO: controller.DataPopulator - Question_id = 22406490*** Accepted_answer_id = 22407359
2015-01-29/07:46:53.883  INFO: controller.DataPopulator - Question_id = 22353122*** Accepted_answer_id = 22353598
2015-01-29/07:46:53.883  INFO: controller.DataPopulator - Question_id = 22394017*** Accepted_answer_id = 22395803
2015-01-29/07:46:53.883  INFO: controller.DataPopulator - Question_id = 22354188*** Accepted_answer_id = 22354457
2015-01-29/07:46:53.883  INFO: controller.DataPopulator - Question_id = 22400137*** Accepted_answer_id = 22402972
2015-01-29/07:46:53.883  INFO: controller.DataPopulator - Question_id = 22325730*** Accepted_answer_id = 22401384
2015-01-29/07:46:53.884  INFO: controller.DataPopulator - Question_id = 22195640*** Accepted_answer_id = 22390434
2015-01-29/07:46:53.884  INFO: controller.DataPopulator - Question_id = 22387947*** Accepted_answer_id = 22395325
2015-01-29/07:46:53.884  INFO: controller.DataPopulator - Question_id = 22377291*** Accepted_answer_id = 22388963
2015-01-29/07:46:53.884  INFO: controller.DataPopulator - Total extracted questions count - 100
2015-01-29/07:47:33.226  INFO: controller.MainController - Completed in 43457 ms.
2015-01-29/07:54:00.292  INFO: controller.MainController - Launching ...
2015-01-29/07:54:00.338  INFO: factory.PdfGenerator - From date - Tue Feb 25 00:00:00 IST 2014To date -Tue Mar 25 00:00:00 IST 2014
2015-01-29/07:54:04.446  INFO: controller.DataPopulator - Question_id = 22431984*** Accepted_answer_id = 22437829
2015-01-29/07:54:04.447  INFO: controller.DataPopulator - Question_id = 22141631*** Accepted_answer_id = 22169760
2015-01-29/07:54:04.447  INFO: controller.DataPopulator - Question_id = 22061210*** Accepted_answer_id = 22069337
2015-01-29/07:54:04.447  INFO: controller.DataPopulator - Question_id = 22316187*** Accepted_answer_id = 25738434
2015-01-29/07:54:04.448  INFO: controller.DataPopulator - Question_id = 22224077*** Accepted_answer_id = 26867341
2015-01-29/07:54:04.448  INFO: controller.DataPopulator - Question_id = 22419958*** Accepted_answer_id = 22421731
2015-01-29/07:54:04.448  INFO: controller.DataPopulator - Question_id = 22533814*** Accepted_answer_id = 24272281
2015-01-29/07:54:04.449  INFO: controller.DataPopulator - Question_id = 22516565*** Accepted_answer_id = 22528979
2015-01-29/07:54:04.449  INFO: controller.DataPopulator - Question_id = 22140797*** Accepted_answer_id = 22146003
2015-01-29/07:54:04.449  INFO: controller.DataPopulator - Question_id = 22534954*** Accepted_answer_id = 22537946
2015-01-29/07:54:04.449  INFO: controller.DataPopulator - Question_id = 22615485*** Accepted_answer_id = 22624444
2015-01-29/07:54:04.449  INFO: controller.DataPopulator - Question_id = 22337291*** Accepted_answer_id = 22347994
2015-01-29/07:54:04.449  INFO: controller.DataPopulator - Question_id = 22416961*** Accepted_answer_id = 26433935
2015-01-29/07:54:04.450  INFO: controller.DataPopulator - Question_id = 22254756*** Accepted_answer_id = 22285122
2015-01-29/07:54:04.450  INFO: controller.DataPopulator - Question_id = 22324106*** Accepted_answer_id = 22826917
2015-01-29/07:54:04.450  INFO: controller.DataPopulator - Question_id = 22591305*** Accepted_answer_id = 25947617
2015-01-29/07:54:04.450  INFO: controller.DataPopulator - Question_id = 22404641*** Accepted_answer_id = 22407835
2015-01-29/07:54:04.450  INFO: controller.DataPopulator - Question_id = 22218435*** Accepted_answer_id = 25712981
2015-01-29/07:54:04.450  INFO: controller.DataPopulator - Question_id = 22176855*** Accepted_answer_id = 22205636
2015-01-29/07:54:04.450  INFO: controller.DataPopulator - Question_id = 22220837*** Accepted_answer_id = 22240671
2015-01-29/07:54:04.450  INFO: controller.DataPopulator - Question_id = 22105978*** Accepted_answer_id = 25145076
2015-01-29/07:54:04.451  INFO: controller.DataPopulator - Question_id = 22152665*** Accepted_answer_id = 22165728
2015-01-29/07:54:04.451  INFO: controller.DataPopulator - Question_id = 22096702*** Accepted_answer_id = 22096960
2015-01-29/07:54:04.451  INFO: controller.DataPopulator - Question_id = 22563204*** Accepted_answer_id = 22563397
2015-01-29/07:54:04.451  INFO: controller.DataPopulator - Question_id = 22057818*** Accepted_answer_id = 22058083
2015-01-29/07:54:04.451  INFO: controller.DataPopulator - Question_id = 22041316*** Accepted_answer_id = 22041647
2015-01-29/07:54:04.451  INFO: controller.DataPopulator - Question_id = 22085147*** Accepted_answer_id = 22085187
2015-01-29/07:54:04.451  INFO: controller.DataPopulator - Question_id = 22044721*** Accepted_answer_id = 22067066
2015-01-29/07:54:04.452  INFO: controller.DataPopulator - Question_id = 22171714*** Accepted_answer_id = 23905194
2015-01-29/07:54:04.452  INFO: controller.DataPopulator - Question_id = 22005736*** Accepted_answer_id = 22019739
2015-01-29/07:54:04.452  INFO: controller.DataPopulator - Question_id = 22068153*** Accepted_answer_id = 22068440
2015-01-29/07:54:04.452  INFO: controller.DataPopulator - Question_id = 22488609*** Accepted_answer_id = 23394937
2015-01-29/07:54:04.452  INFO: controller.DataPopulator - Question_id = 22069904*** Accepted_answer_id = 22070788
2015-01-29/07:54:04.452  INFO: controller.DataPopulator - Question_id = 22171514*** Accepted_answer_id = 23298414
2015-01-29/07:54:04.452  INFO: controller.DataPopulator - Question_id = 22415022*** Accepted_answer_id = 23026052
2015-01-29/07:54:04.453  INFO: controller.DataPopulator - Question_id = 22498590*** Accepted_answer_id = 22499374
2015-01-29/07:54:04.453  INFO: controller.DataPopulator - Question_id = 22322906*** Accepted_answer_id = 22788412
2015-01-29/07:54:04.453  INFO: controller.DataPopulator - Question_id = 22521632*** Accepted_answer_id = 22550896
2015-01-29/07:54:04.453  INFO: controller.DataPopulator - Question_id = 22591342*** Accepted_answer_id = 22715258
2015-01-29/07:54:04.453  INFO: controller.DataPopulator - Question_id = 22609150*** Accepted_answer_id = 22615993
2015-01-29/07:54:04.454  INFO: controller.DataPopulator - Question_id = 22608562*** Accepted_answer_id = 22705161
2015-01-29/07:54:04.454  INFO: controller.DataPopulator - Question_id = 22501103*** Accepted_answer_id = 22504938
2015-01-29/07:54:04.454  INFO: controller.DataPopulator - Question_id = 22600343*** Accepted_answer_id = 22676903
2015-01-29/07:54:04.454  INFO: controller.DataPopulator - Question_id = 22614794*** Accepted_answer_id = 22653387
2015-01-29/07:54:04.454  INFO: controller.DataPopulator - Question_id = 22612706*** Accepted_answer_id = 22637666
2015-01-29/07:54:04.454  INFO: controller.DataPopulator - Question_id = 22347470*** Accepted_answer_id = 22354959
2015-01-29/07:54:04.454  INFO: controller.DataPopulator - Question_id = 22608897*** Accepted_answer_id = 22615682
2015-01-29/07:54:04.454  INFO: controller.DataPopulator - Question_id = 22596126*** Accepted_answer_id = 22624712
2015-01-29/07:54:04.454  INFO: controller.DataPopulator - Question_id = 22595566*** Accepted_answer_id = 22595834
2015-01-29/07:54:04.455  INFO: controller.DataPopulator - Question_id = 22610865*** Accepted_answer_id = 22611282
2015-01-29/07:54:04.455  INFO: controller.DataPopulator - Question_id = 22603076*** Accepted_answer_id = 22603764
2015-01-29/07:54:04.455  INFO: controller.DataPopulator - Question_id = 22581932*** Accepted_answer_id = 22583271
2015-01-29/07:54:04.455  INFO: controller.DataPopulator - Question_id = 22550044*** Accepted_answer_id = 22550603
2015-01-29/07:54:04.455  INFO: controller.DataPopulator - Question_id = 22565200*** Accepted_answer_id = 22566878
2015-01-29/07:54:04.455  INFO: controller.DataPopulator - Question_id = 22560542*** Accepted_answer_id = 22563548
2015-01-29/07:54:04.455  INFO: controller.DataPopulator - Question_id = 22553803*** Accepted_answer_id = 22562576
2015-01-29/07:54:04.455  INFO: controller.DataPopulator - Question_id = 22554100*** Accepted_answer_id = 22556597
2015-01-29/07:54:04.456  INFO: controller.DataPopulator - Question_id = 22550211*** Accepted_answer_id = 22551007
2015-01-29/07:54:04.456  INFO: controller.DataPopulator - Question_id = 22539838*** Accepted_answer_id = 22550834
2015-01-29/07:54:04.456  INFO: controller.DataPopulator - Question_id = 22547970*** Accepted_answer_id = 22550546
2015-01-29/07:54:04.456  INFO: controller.DataPopulator - Question_id = 22462665*** Accepted_answer_id = 22547592
2015-01-29/07:54:04.456  INFO: controller.DataPopulator - Question_id = 22534340*** Accepted_answer_id = 22535279
2015-01-29/07:54:04.456  INFO: controller.DataPopulator - Question_id = 22531323*** Accepted_answer_id = 22543342
2015-01-29/07:54:04.456  INFO: controller.DataPopulator - Question_id = 22077120*** Accepted_answer_id = 22098848
2015-01-29/07:54:04.456  INFO: controller.DataPopulator - Question_id = 22528068*** Accepted_answer_id = 22533270
2015-01-29/07:54:04.457  INFO: controller.DataPopulator - Question_id = 22018657*** Accepted_answer_id = 22532499
2015-01-29/07:54:04.457  INFO: controller.DataPopulator - Question_id = 22525293*** Accepted_answer_id = 22527141
2015-01-29/07:54:04.457  INFO: controller.DataPopulator - Question_id = 22399519*** Accepted_answer_id = 22524535
2015-01-29/07:54:04.457  INFO: controller.DataPopulator - Question_id = 22512753*** Accepted_answer_id = 22514060
2015-01-29/07:54:04.457  INFO: controller.DataPopulator - Question_id = 22507517*** Accepted_answer_id = 22516520
2015-01-29/07:54:04.457  INFO: controller.DataPopulator - Question_id = 22474061*** Accepted_answer_id = 22515219
2015-01-29/07:54:04.457  INFO: controller.DataPopulator - Question_id = 22511299*** Accepted_answer_id = 22513956
2015-01-29/07:54:04.457  INFO: controller.DataPopulator - Question_id = 22502958*** Accepted_answer_id = 22504096
2015-01-29/07:54:04.458  INFO: controller.DataPopulator - Question_id = 22500131*** Accepted_answer_id = 22504129
2015-01-29/07:54:04.458  INFO: controller.DataPopulator - Question_id = 22498259*** Accepted_answer_id = 22503278
2015-01-29/07:54:04.458  INFO: controller.DataPopulator - Question_id = 22476852*** Accepted_answer_id = 22500217
2015-01-29/07:54:04.458  INFO: controller.DataPopulator - Question_id = 22490397*** Accepted_answer_id = 22493457
2015-01-29/07:54:04.458  INFO: controller.DataPopulator - Question_id = 22081155*** Accepted_answer_id = 22271725
2015-01-29/07:54:04.458  INFO: controller.DataPopulator - Question_id = 22467704*** Accepted_answer_id = 22484419
2015-01-29/07:54:04.458  INFO: controller.DataPopulator - Question_id = 22478018*** Accepted_answer_id = 22480692
2015-01-29/07:54:04.458  INFO: controller.DataPopulator - Question_id = 22400860*** Accepted_answer_id = 22480625
2015-01-29/07:54:04.458  INFO: controller.DataPopulator - Question_id = 22463559*** Accepted_answer_id = 22463624
2015-01-29/07:54:04.459  INFO: controller.DataPopulator - Question_id = 22384689*** Accepted_answer_id = 22459976
2015-01-29/07:54:04.459  INFO: controller.DataPopulator - Question_id = 22451438*** Accepted_answer_id = 22452130
2015-01-29/07:54:04.459  INFO: controller.DataPopulator - Question_id = 22450153*** Accepted_answer_id = 22452064
2015-01-29/07:54:04.459  INFO: controller.DataPopulator - Question_id = 22450457*** Accepted_answer_id = 22450837
2015-01-29/07:54:04.459  INFO: controller.DataPopulator - Question_id = 22434300*** Accepted_answer_id = 22439569
2015-01-29/07:54:04.459  INFO: controller.DataPopulator - Question_id = 22443531*** Accepted_answer_id = 22445277
2015-01-29/07:54:04.459  INFO: controller.DataPopulator - Question_id = 22434072*** Accepted_answer_id = 22439466
2015-01-29/07:54:04.459  INFO: controller.DataPopulator - Question_id = 22434686*** Accepted_answer_id = 22436760
2015-01-29/07:54:04.459  INFO: controller.DataPopulator - Question_id = 22108146*** Accepted_answer_id = 22120392
2015-01-29/07:54:04.460  INFO: controller.DataPopulator - Question_id = 22406490*** Accepted_answer_id = 22407359
2015-01-29/07:54:04.460  INFO: controller.DataPopulator - Question_id = 22353122*** Accepted_answer_id = 22353598
2015-01-29/07:54:04.460  INFO: controller.DataPopulator - Question_id = 22394017*** Accepted_answer_id = 22395803
2015-01-29/07:54:04.460  INFO: controller.DataPopulator - Question_id = 22354188*** Accepted_answer_id = 22354457
2015-01-29/07:54:04.460  INFO: controller.DataPopulator - Question_id = 22400137*** Accepted_answer_id = 22402972
2015-01-29/07:54:04.460  INFO: controller.DataPopulator - Question_id = 22325730*** Accepted_answer_id = 22401384
2015-01-29/07:54:04.460  INFO: controller.DataPopulator - Question_id = 22195640*** Accepted_answer_id = 22390434
2015-01-29/07:54:04.460  INFO: controller.DataPopulator - Question_id = 22387947*** Accepted_answer_id = 22395325
2015-01-29/07:54:04.460  INFO: controller.DataPopulator - Question_id = 22377291*** Accepted_answer_id = 22388963
2015-01-29/07:54:04.461  INFO: controller.DataPopulator - Total extracted questions count - 100
2015-01-29/07:54:42.635  INFO: controller.MainController - Completed in 42320 ms.
